<?xml version="1.0" encoding="UTF-8"?>
<testng-results skipped="0" failed="1" total="1" passed="0">
  <reporter-output>
  </reporter-output>
  <suite name="Default suite" duration-ms="15812" started-at="2017-01-04T17:49:18Z" finished-at="2017-01-04T17:49:34Z">
    <groups>
    </groups>
    <test name="Default test" duration-ms="15812" started-at="2017-01-04T17:49:18Z" finished-at="2017-01-04T17:49:34Z">
      <class name="testcases.bfs.guru99tests.TC025_Guru99HomePageLaunch">
        <test-method status="PASS" signature="beforeSuite()[pri:0, instance:testcases.bfs.guru99tests.TC025_Guru99HomePageLaunch@109b8da]" name="beforeSuite" is-config="true" duration-ms="331" started-at="2017-01-04T23:19:17Z" finished-at="2017-01-04T23:19:18Z">
          <reporter-output>
          </reporter-output>
        </test-method> <!-- beforeSuite -->
        <test-method status="PASS" signature="beforeTest()[pri:0, instance:testcases.bfs.guru99tests.TC025_Guru99HomePageLaunch@109b8da]" name="beforeTest" is-config="true" duration-ms="0" started-at="2017-01-04T23:19:18Z" finished-at="2017-01-04T23:19:18Z">
          <reporter-output>
          </reporter-output>
        </test-method> <!-- beforeTest -->
        <test-method status="PASS" signature="setWebPageCofig()[pri:0, instance:testcases.bfs.guru99tests.TC025_Guru99HomePageLaunch@109b8da]" name="setWebPageCofig" is-config="true" duration-ms="1" started-at="2017-01-04T23:19:18Z" finished-at="2017-01-04T23:19:18Z">
          <reporter-output>
          </reporter-output>
        </test-method> <!-- setWebPageCofig -->
        <test-method status="PASS" signature="beforeMethod()[pri:0, instance:testcases.bfs.guru99tests.TC025_Guru99HomePageLaunch@109b8da]" name="beforeMethod" is-config="true" duration-ms="8420" started-at="2017-01-04T23:19:18Z" finished-at="2017-01-04T23:19:26Z">
          <reporter-output>
          </reporter-output>
        </test-method> <!-- beforeMethod -->
        <test-method status="FAIL" signature="testMethod()[pri:0, instance:testcases.bfs.guru99tests.TC025_Guru99HomePageLaunch@109b8da]" name="testMethod" duration-ms="5756" started-at="2017-01-04T23:19:26Z" finished-at="2017-01-04T23:19:32Z">
          <exception class="java.lang.RuntimeException">
            <message>
              <![CDATA[FATAL Error]]>
            </message>
            <full-stacktrace>
              <![CDATA[java.lang.RuntimeException: FATAL Error
	at util.ExtentReporter.reportStep(ExtentReporter.java:28)
	at pages.bfs.guru99.ManagerHomePage.<init>(ManagerHomePage.java:15)
	at pages.bfs.guru99.Guru99BankHomePage.clickLoginBTN(Guru99BankHomePage.java:51)
	at testcases.bfs.guru99tests.TC025_Guru99HomePageLaunch.testMethod(TC025_Guru99HomePageLaunch.java:26)
	at sun.reflect.NativeMethodAccessorImpl.invoke0(Native Method)
	at sun.reflect.NativeMethodAccessorImpl.invoke(Unknown Source)
	at sun.reflect.DelegatingMethodAccessorImpl.invoke(Unknown Source)
	at java.lang.reflect.Method.invoke(Unknown Source)
	at org.testng.internal.MethodInvocationHelper.invokeMethod(MethodInvocationHelper.java:86)
	at org.testng.internal.Invoker.invokeMethod(Invoker.java:643)
	at org.testng.internal.Invoker.invokeTestMethod(Invoker.java:820)
	at org.testng.internal.Invoker.invokeTestMethods(Invoker.java:1128)
	at org.testng.internal.TestMethodWorker.invokeTestMethods(TestMethodWorker.java:129)
	at org.testng.internal.TestMethodWorker.run(TestMethodWorker.java:112)
	at org.testng.TestRunner.privateRun(TestRunner.java:782)
	at org.testng.TestRunner.run(TestRunner.java:632)
	at org.testng.SuiteRunner.runTest(SuiteRunner.java:366)
	at org.testng.SuiteRunner.runSequentially(SuiteRunner.java:361)
	at org.testng.SuiteRunner.privateRun(SuiteRunner.java:319)
	at org.testng.SuiteRunner.run(SuiteRunner.java:268)
	at org.testng.SuiteRunnerWorker.runSuite(SuiteRunnerWorker.java:52)
	at org.testng.SuiteRunnerWorker.run(SuiteRunnerWorker.java:86)
	at org.testng.TestNG.runSuitesSequentially(TestNG.java:1244)
	at org.testng.TestNG.runSuitesLocally(TestNG.java:1169)
	at org.testng.TestNG.run(TestNG.java:1064)
	at org.testng.remote.RemoteTestNG.run(RemoteTestNG.java:113)
	at org.testng.remote.RemoteTestNG.initAndRun(RemoteTestNG.java:206)
	at org.testng.remote.RemoteTestNG.main(RemoteTestNG.java:177)
]]>
            </full-stacktrace>
          </exception> <!-- java.lang.RuntimeException -->
          <reporter-output>
          </reporter-output>
        </test-method> <!-- testMethod -->
        <test-method status="PASS" signature="afterMethod()[pri:0, instance:testcases.bfs.guru99tests.TC025_Guru99HomePageLaunch@109b8da]" name="afterMethod" is-config="true" duration-ms="1622" started-at="2017-01-04T23:19:32Z" finished-at="2017-01-04T23:19:34Z">
          <reporter-output>
          </reporter-output>
        </test-method> <!-- afterMethod -->
        <test-method status="PASS" signature="afterTest()[pri:0, instance:testcases.bfs.guru99tests.TC025_Guru99HomePageLaunch@109b8da]" name="afterTest" is-config="true" duration-ms="0" started-at="2017-01-04T23:19:34Z" finished-at="2017-01-04T23:19:34Z">
          <reporter-output>
          </reporter-output>
        </test-method> <!-- afterTest -->
        <test-method status="PASS" signature="afterSuite()[pri:0, instance:testcases.bfs.guru99tests.TC025_Guru99HomePageLaunch@109b8da]" name="afterSuite" is-config="true" duration-ms="1" started-at="2017-01-04T23:19:34Z" finished-at="2017-01-04T23:19:34Z">
          <reporter-output>
          </reporter-output>
        </test-method> <!-- afterSuite -->
      </class> <!-- testcases.bfs.guru99tests.TC025_Guru99HomePageLaunch -->
    </test> <!-- Default test -->
  </suite> <!-- Default suite -->
</testng-results>
